  Game.cpp
C:\Users\User\source\DirectX11Action\DirectX11Action\Game.cpp(62,56): warning C4267: 'argument': conversion from 'size_t' to 'UINT', possible loss of data
  (compiling source file '/Game.cpp')
  
DirectXTex.lib(DirectXTexImage.obj) : error LNK2038: mismatch detected for '_ITERATOR_DEBUG_LEVEL': value '0' doesn't match value '2' in DirectX11Action.obj
DirectXTex.lib(DirectXTexImage.obj) : error LNK2038: mismatch detected for 'RuntimeLibrary': value 'MD_DynamicRelease' doesn't match value 'MDd_DynamicDebug' in DirectX11Action.obj
DirectXTex.lib(DirectXTexImage.obj) : warning LNK4099: PDB '' was not found with 'DirectXTex.lib(DirectXTexImage.obj)' or at ''; linking object as if no debug info
DirectXTex.lib(DirectXTexWIC.obj) : error LNK2038: mismatch detected for '_ITERATOR_DEBUG_LEVEL': value '0' doesn't match value '2' in DirectX11Action.obj
DirectXTex.lib(DirectXTexWIC.obj) : error LNK2038: mismatch detected for 'RuntimeLibrary': value 'MD_DynamicRelease' doesn't match value 'MDd_DynamicDebug' in DirectX11Action.obj
DirectXTex.lib(DirectXTexWIC.obj) : warning LNK4099: PDB '' was not found with 'DirectXTex.lib(DirectXTexWIC.obj)' or at ''; linking object as if no debug info
DirectXTex.lib(DirectXTexD3D11.obj) : error LNK2038: mismatch detected for '_ITERATOR_DEBUG_LEVEL': value '0' doesn't match value '2' in DirectX11Action.obj
DirectXTex.lib(DirectXTexD3D11.obj) : error LNK2038: mismatch detected for 'RuntimeLibrary': value 'MD_DynamicRelease' doesn't match value 'MDd_DynamicDebug' in DirectX11Action.obj
DirectXTex.lib(DirectXTexD3D11.obj) : warning LNK4099: PDB '' was not found with 'DirectXTex.lib(DirectXTexD3D11.obj)' or at ''; linking object as if no debug info
DirectXTex.lib(DirectXTexUtil.obj) : error LNK2038: mismatch detected for '_ITERATOR_DEBUG_LEVEL': value '0' doesn't match value '2' in DirectX11Action.obj
DirectXTex.lib(DirectXTexUtil.obj) : error LNK2038: mismatch detected for 'RuntimeLibrary': value 'MD_DynamicRelease' doesn't match value 'MDd_DynamicDebug' in DirectX11Action.obj
DirectXTex.lib(DirectXTexUtil.obj) : warning LNK4099: PDB '' was not found with 'DirectXTex.lib(DirectXTexUtil.obj)' or at ''; linking object as if no debug info
DirectXTex.lib(DirectXTexConvert.obj) : error LNK2038: mismatch detected for '_ITERATOR_DEBUG_LEVEL': value '0' doesn't match value '2' in DirectX11Action.obj
DirectXTex.lib(DirectXTexConvert.obj) : error LNK2038: mismatch detected for 'RuntimeLibrary': value 'MD_DynamicRelease' doesn't match value 'MDd_DynamicDebug' in DirectX11Action.obj
DirectXTex.lib(DirectXTexConvert.obj) : warning LNK4099: PDB '' was not found with 'DirectXTex.lib(DirectXTexConvert.obj)' or at ''; linking object as if no debug info
DirectXTex.lib(DirectXTexMipMaps.obj) : error LNK2038: mismatch detected for '_ITERATOR_DEBUG_LEVEL': value '0' doesn't match value '2' in DirectX11Action.obj
DirectXTex.lib(DirectXTexMipMaps.obj) : error LNK2038: mismatch detected for 'RuntimeLibrary': value 'MD_DynamicRelease' doesn't match value 'MDd_DynamicDebug' in DirectX11Action.obj
DirectXTex.lib(DirectXTexMipMaps.obj) : warning LNK4099: PDB '' was not found with 'DirectXTex.lib(DirectXTexMipMaps.obj)' or at ''; linking object as if no debug info
DirectXTex.lib(DirectXTexCompress.obj) : error LNK2038: mismatch detected for '_ITERATOR_DEBUG_LEVEL': value '0' doesn't match value '2' in DirectX11Action.obj
DirectXTex.lib(DirectXTexCompress.obj) : error LNK2038: mismatch detected for 'RuntimeLibrary': value 'MD_DynamicRelease' doesn't match value 'MDd_DynamicDebug' in DirectX11Action.obj
DirectXTex.lib(BC.obj) : error LNK2038: mismatch detected for '_ITERATOR_DEBUG_LEVEL': value '0' doesn't match value '2' in DirectX11Action.obj
DirectXTex.lib(BC.obj) : error LNK2038: mismatch detected for 'RuntimeLibrary': value 'MD_DynamicRelease' doesn't match value 'MDd_DynamicDebug' in DirectX11Action.obj
DirectXTex.lib(DirectXTexCompress.obj) : warning LNK4099: PDB '' was not found with 'DirectXTex.lib(DirectXTexCompress.obj)' or at ''; linking object as if no debug info
DirectXTex.lib(BC.obj) : warning LNK4099: PDB '' was not found with 'DirectXTex.lib(BC.obj)' or at ''; linking object as if no debug info
DirectXTex.lib(BC4BC5.obj) : error LNK2038: mismatch detected for '_ITERATOR_DEBUG_LEVEL': value '0' doesn't match value '2' in DirectX11Action.obj
DirectXTex.lib(BC4BC5.obj) : error LNK2038: mismatch detected for 'RuntimeLibrary': value 'MD_DynamicRelease' doesn't match value 'MDd_DynamicDebug' in DirectX11Action.obj
DirectXTex.lib(BC4BC5.obj) : warning LNK4099: PDB '' was not found with 'DirectXTex.lib(BC4BC5.obj)' or at ''; linking object as if no debug info
DirectXTex.lib(BC6HBC7.obj) : error LNK2038: mismatch detected for '_ITERATOR_DEBUG_LEVEL': value '0' doesn't match value '2' in DirectX11Action.obj
DirectXTex.lib(BC6HBC7.obj) : error LNK2038: mismatch detected for 'RuntimeLibrary': value 'MD_DynamicRelease' doesn't match value 'MDd_DynamicDebug' in DirectX11Action.obj
DirectXTex.lib(BC6HBC7.obj) : warning LNK4099: PDB '' was not found with 'DirectXTex.lib(BC6HBC7.obj)' or at ''; linking object as if no debug info
LINK : warning LNK4098: defaultlib 'MSVCRT' conflicts with use of other libs; use /NODEFAULTLIB:library
C:\Users\User\source\DirectX11Action\Binaries\DirectX11Action.exe : fatal error LNK1319: 20 mismatches detected
